<?xml version="1.0" encoding="UTF-8"?>
<!-- Generated by org.testng.reporters.JUnitReportReporter -->
<testsuite hostname="idea-PC" failures="0" tests="1" name="runner_scripts.Facebook_Runner_class" time="107.368" errors="0" timestamp="2023-10-20T11:37:29 IST" skipped="0">
  <testcase classname="runner_scripts.Facebook_Runner_class" name="disp" time="107.368"/>
</testsuite> <!-- runner_scripts.Facebook_Runner_class -->
